{
  "RSpec": {
    "coverage": {
      "/Users/samuelnayrouz/Desktop/mod3/projects/rails_engine/config/environment.rb": [
        null,
        1,
        null,
        null,
        1
      ],
      "/Users/samuelnayrouz/Desktop/mod3/projects/rails_engine/config/application.rb": [
        1,
        null,
        1,
        null,
        1,
        1,
        1,
        1,
        1,
        1,
        1,
        null,
        null,
        null,
        null,
        null,
        1,
        null,
        1,
        1,
        null,
        1,
        null,
        null,
        null,
        null,
        null,
        null,
        null,
        null,
        1,
        null,
        null
      ],
      "/Users/samuelnayrouz/Desktop/mod3/projects/rails_engine/config/boot.rb": [
        1,
        null,
        1
      ],
      "/Users/samuelnayrouz/Desktop/mod3/projects/rails_engine/config/environments/test.rb": [
        1,
        null,
        null,
        null,
        null,
        null,
        null,
        1,
        null,
        null,
        null,
        null,
        1,
        null,
        null,
        1,
        1,
        null,
        null,
        null,
        null,
        1,
        1,
        null,
        null,
        1,
        null,
        null,
        1,
        1,
        null,
        null,
        null,
        null,
        1,
        null,
        null,
        1,
        null,
        null,
        null,
        null
      ],
      "/Users/samuelnayrouz/Desktop/mod3/projects/rails_engine/config/initializers/application_controller_renderer.rb": [
        null,
        null,
        null,
        null,
        null,
        null,
        null,
        null
      ],
      "/Users/samuelnayrouz/Desktop/mod3/projects/rails_engine/config/initializers/backtrace_silencers.rb": [
        null,
        null,
        null,
        null,
        null,
        null,
        null
      ],
      "/Users/samuelnayrouz/Desktop/mod3/projects/rails_engine/config/initializers/cors.rb": [
        null,
        null,
        null,
        null,
        null,
        null,
        null,
        null,
        null,
        null,
        null,
        null,
        null,
        null,
        null,
        null
      ],
      "/Users/samuelnayrouz/Desktop/mod3/projects/rails_engine/config/initializers/filter_parameter_logging.rb": [
        null,
        null,
        null,
        1
      ],
      "/Users/samuelnayrouz/Desktop/mod3/projects/rails_engine/config/initializers/inflections.rb": [
        null,
        null,
        null,
        null,
        null,
        null,
        null,
        null,
        null,
        null,
        null,
        null,
        null,
        null,
        null,
        null
      ],
      "/Users/samuelnayrouz/Desktop/mod3/projects/rails_engine/config/initializers/mime_types.rb": [
        null,
        null,
        null,
        null
      ],
      "/Users/samuelnayrouz/Desktop/mod3/projects/rails_engine/config/initializers/wrap_parameters.rb": [
        null,
        null,
        null,
        null,
        null,
        null,
        1,
        2,
        null,
        null,
        null,
        null,
        null,
        null
      ],
      "/Users/samuelnayrouz/Desktop/mod3/projects/rails_engine/config/routes.rb": [
        1,
        1,
        1,
        1,
        1,
        1,
        1,
        1,
        1,
        1,
        1,
        null,
        null,
        1,
        1,
        1,
        1,
        1,
        1,
        1,
        1,
        1,
        null,
        null,
        1,
        1,
        1,
        1,
        1,
        1,
        null,
        null,
        1,
        1,
        1,
        1,
        1,
        1,
        1,
        null,
        null,
        1,
        1,
        1,
        1,
        1,
        1,
        1,
        1,
        1,
        1,
        null,
        null,
        1,
        1,
        1,
        1,
        1,
        null,
        null,
        1,
        1,
        1,
        1,
        1,
        1,
        null,
        null,
        null
      ],
      "/Users/samuelnayrouz/Desktop/mod3/projects/rails_engine/app/models/customer.rb": [
        1,
        1,
        1,
        1,
        null,
        1,
        null,
        null,
        null,
        null,
        null,
        null,
        0,
        null,
        null
      ],
      "/Users/samuelnayrouz/Desktop/mod3/projects/rails_engine/app/models/application_record.rb": [
        null,
        1,
        1,
        null,
        1,
        3,
        null,
        null,
        null
      ],
      "/Users/samuelnayrouz/Desktop/mod3/projects/rails_engine/app/models/invoice_item.rb": [
        1,
        1,
        1,
        1,
        null,
        1,
        null,
        1,
        null,
        1,
        19,
        null,
        null,
        null
      ],
      "/Users/samuelnayrouz/Desktop/mod3/projects/rails_engine/app/models/invoice.rb": [
        1,
        1,
        1,
        1,
        1,
        null,
        1,
        1,
        null
      ],
      "/Users/samuelnayrouz/Desktop/mod3/projects/rails_engine/app/models/item.rb": [
        1,
        1,
        1,
        1,
        1,
        null,
        1,
        null,
        1,
        null,
        null,
        null,
        null,
        null,
        null,
        0,
        null,
        null,
        1,
        null,
        null,
        null,
        null,
        null,
        0,
        null,
        null,
        1,
        null,
        1,
        18,
        null,
        null,
        null
      ],
      "/Users/samuelnayrouz/Desktop/mod3/projects/rails_engine/app/models/merchant.rb": [
        1,
        1,
        1,
        1,
        null,
        1,
        null,
        null,
        null,
        null,
        null,
        0,
        null,
        null,
        1,
        null,
        null,
        1,
        null,
        null,
        1,
        null,
        null,
        null,
        0,
        null,
        null,
        1,
        null,
        null,
        null,
        null,
        0,
        null,
        null,
        null
      ],
      "/Users/samuelnayrouz/Desktop/mod3/projects/rails_engine/app/models/transaction.rb": [
        1,
        1,
        1,
        null,
        1,
        1,
        null,
        49,
        null
      ],
      "/Users/samuelnayrouz/Desktop/mod3/projects/rails_engine/app/controllers/api/v1/customers/find_controller.rb": [
        1,
        null,
        1,
        3,
        null,
        null,
        1,
        3,
        null,
        null,
        1,
        null,
        1,
        6,
        null,
        null
      ],
      "/Users/samuelnayrouz/Desktop/mod3/projects/rails_engine/app/controllers/application_controller.rb": [
        1,
        null
      ],
      "/Users/samuelnayrouz/Desktop/mod3/projects/rails_engine/app/serializers/customer_serializer.rb": [
        1,
        1,
        null
      ],
      "/Users/samuelnayrouz/Desktop/mod3/projects/rails_engine/app/controllers/api/v1/customers_controller.rb": [
        1,
        1,
        1,
        null,
        null,
        1,
        1,
        null,
        null
      ],
      "/Users/samuelnayrouz/Desktop/mod3/projects/rails_engine/app/controllers/api/v1/customers/random_controller.rb": [
        1,
        null,
        1,
        1,
        null,
        null
      ],
      "/Users/samuelnayrouz/Desktop/mod3/projects/rails_engine/app/controllers/api/v1/invoice_items_controller.rb": [
        1,
        null,
        1,
        1,
        null,
        null,
        1,
        1,
        null,
        null
      ],
      "/Users/samuelnayrouz/Desktop/mod3/projects/rails_engine/app/serializers/invoice_item_serializer.rb": [
        1,
        1,
        null
      ],
      "/Users/samuelnayrouz/Desktop/mod3/projects/rails_engine/app/controllers/api/v1/invoices_controller.rb": [
        1,
        1,
        1,
        null,
        1,
        1,
        null,
        null
      ],
      "/Users/samuelnayrouz/Desktop/mod3/projects/rails_engine/app/serializers/invoice_serializer.rb": [
        1,
        1,
        null
      ],
      "/Users/samuelnayrouz/Desktop/mod3/projects/rails_engine/app/controllers/api/v1/items_controller.rb": [
        1,
        1,
        1,
        null,
        1,
        1,
        null,
        null
      ],
      "/Users/samuelnayrouz/Desktop/mod3/projects/rails_engine/app/serializers/item_serializer.rb": [
        1,
        1,
        null
      ],
      "/Users/samuelnayrouz/Desktop/mod3/projects/rails_engine/app/controllers/api/v1/merchants/find_controller.rb": [
        1,
        1,
        6,
        null,
        null,
        1,
        5,
        null,
        null,
        1,
        1,
        11,
        null,
        null
      ],
      "/Users/samuelnayrouz/Desktop/mod3/projects/rails_engine/app/serializers/merchant_serializer.rb": [
        1,
        1,
        null
      ],
      "/Users/samuelnayrouz/Desktop/mod3/projects/rails_engine/app/controllers/api/v1/merchants_controller.rb": [
        1,
        1,
        1,
        null,
        null,
        1,
        1,
        null,
        null
      ],
      "/Users/samuelnayrouz/Desktop/mod3/projects/rails_engine/app/controllers/api/v1/merchants/random_controller.rb": [
        1,
        1,
        1,
        null,
        null
      ],
      "/Users/samuelnayrouz/Desktop/mod3/projects/rails_engine/app/controllers/api/v1/invoice_items/invoices_controller.rb": [
        1,
        1,
        1,
        null,
        null
      ],
      "/Users/samuelnayrouz/Desktop/mod3/projects/rails_engine/app/controllers/api/v1/invoice_items/items_controller.rb": [
        1,
        1,
        1,
        null,
        null
      ],
      "/Users/samuelnayrouz/Desktop/mod3/projects/rails_engine/app/controllers/api/v1/invoices/transactions_controller.rb": [
        1,
        1,
        1,
        null,
        null
      ],
      "/Users/samuelnayrouz/Desktop/mod3/projects/rails_engine/app/serializers/transaction_serializer.rb": [
        1,
        1,
        null
      ],
      "/Users/samuelnayrouz/Desktop/mod3/projects/rails_engine/app/controllers/api/v1/invoices/invoice_items_controller.rb": [
        1,
        1,
        1,
        null,
        null
      ],
      "/Users/samuelnayrouz/Desktop/mod3/projects/rails_engine/app/controllers/api/v1/invoices/items_controller.rb": [
        1,
        1,
        1,
        null,
        null
      ],
      "/Users/samuelnayrouz/Desktop/mod3/projects/rails_engine/app/controllers/api/v1/invoices/merchants_controller.rb": [
        1,
        1,
        1,
        null,
        null
      ],
      "/Users/samuelnayrouz/Desktop/mod3/projects/rails_engine/app/controllers/api/v1/invoices/customers_controller.rb": [
        1,
        1,
        1,
        null,
        null
      ],
      "/Users/samuelnayrouz/Desktop/mod3/projects/rails_engine/app/controllers/api/v1/transactions/find_controller.rb": [
        1,
        1,
        4,
        null,
        null,
        1,
        2,
        null,
        null,
        1,
        null,
        1,
        6,
        null,
        null,
        null,
        null,
        null,
        null,
        null,
        null
      ],
      "/Users/samuelnayrouz/Desktop/mod3/projects/rails_engine/app/controllers/api/v1/transactions/random_controller.rb": [
        1,
        1,
        1,
        null,
        null
      ],
      "/Users/samuelnayrouz/Desktop/mod3/projects/rails_engine/app/controllers/api/v1/transactions_controller.rb": [
        1,
        1,
        1,
        null,
        null,
        1,
        1,
        null,
        null
      ]
    },
    "timestamp": 1507222813
  }
}
